  06_main.c
D:\SBS게임아카데미\1.GameProgram\SBSPrograming2\Programming2\06_구조체와 배열과 포인터\06_main.c(72,10): warning C4477: 'printf' : 서식 문자열 '%s'에 'char *' 형식의 인수가 필요하지만 variadic 인수 1의 형식이 'char **'입니다.
D:\SBS게임아카데미\1.GameProgram\SBSPrograming2\Programming2\06_구조체와 배열과 포인터\06_main.c(72,10): warning C4477: 'printf' : 서식 문자열 '%s'에 'char *' 형식의 인수가 필요하지만 variadic 인수 2의 형식이 'char **'입니다.
D:\SBS게임아카데미\1.GameProgram\SBSPrograming2\Programming2\06_구조체와 배열과 포인터\06_main.c(74,10): warning C4477: 'printf' : 서식 문자열 '%s'에 'char *' 형식의 인수가 필요하지만 variadic 인수 1의 형식이 'char **'입니다.
D:\SBS게임아카데미\1.GameProgram\SBSPrograming2\Programming2\06_구조체와 배열과 포인터\06_main.c(74,10): warning C4477: 'printf' : 서식 문자열 '%s'에 'char *' 형식의 인수가 필요하지만 variadic 인수 2의 형식이 'char **'입니다.
D:\SBS게임아카데미\1.GameProgram\SBSPrograming2\Programming2\06_구조체와 배열과 포인터\06_main.c(101,9): warning C4477: 'printf' : 서식 문자열 '%s'에 'char *' 형식의 인수가 필요하지만 variadic 인수 2의 형식이 'char **'입니다.
D:\SBS게임아카데미\1.GameProgram\SBSPrograming2\Programming2\06_구조체와 배열과 포인터\06_main.c(114,15): warning C4047: '함수': 'char *'의 간접 참조 수준이 'char *[100]'과(와) 다릅니다.
D:\SBS게임아카데미\1.GameProgram\SBSPrograming2\Programming2\06_구조체와 배열과 포인터\06_main.c(114,15): warning C4024: 'strcpy': 형식 및 실제 매개 변수 1의 형식이 서로 다릅니다.
D:\SBS게임아카데미\1.GameProgram\SBSPrograming2\Programming2\06_구조체와 배열과 포인터\06_main.c(115,24): warning C4047: '함수': 'char *'의 간접 참조 수준이 'char *[100]'과(와) 다릅니다.
D:\SBS게임아카데미\1.GameProgram\SBSPrograming2\Programming2\06_구조체와 배열과 포인터\06_main.c(115,24): warning C4024: 'strcpy': 형식 및 실제 매개 변수 1의 형식이 서로 다릅니다.
D:\SBS게임아카데미\1.GameProgram\SBSPrograming2\Programming2\06_구조체와 배열과 포인터\06_main.c(116,24): warning C4047: '함수': 'char *'의 간접 참조 수준이 'char *[100]'과(와) 다릅니다.
D:\SBS게임아카데미\1.GameProgram\SBSPrograming2\Programming2\06_구조체와 배열과 포인터\06_main.c(116,24): warning C4024: 'strcpy': 형식 및 실제 매개 변수 1의 형식이 서로 다릅니다.
D:\SBS게임아카데미\1.GameProgram\SBSPrograming2\Programming2\06_구조체와 배열과 포인터\06_main.c(117,24): warning C4047: '함수': 'char *'의 간접 참조 수준이 'char *[100]'과(와) 다릅니다.
D:\SBS게임아카데미\1.GameProgram\SBSPrograming2\Programming2\06_구조체와 배열과 포인터\06_main.c(117,24): warning C4024: 'strcpy': 형식 및 실제 매개 변수 1의 형식이 서로 다릅니다.
D:\SBS게임아카데미\1.GameProgram\SBSPrograming2\Programming2\06_구조체와 배열과 포인터\06_main.c(122,12): warning C4047: '함수': 'char *'의 간접 참조 수준이 'char *[100]'과(와) 다릅니다.
D:\SBS게임아카데미\1.GameProgram\SBSPrograming2\Programming2\06_구조체와 배열과 포인터\06_main.c(122,12): warning C4024: 'strcpy': 형식 및 실제 매개 변수 1의 형식이 서로 다릅니다.
D:\SBS게임아카데미\1.GameProgram\SBSPrograming2\Programming2\06_구조체와 배열과 포인터\06_main.c(123,21): warning C4047: '함수': 'char *'의 간접 참조 수준이 'char *[100]'과(와) 다릅니다.
D:\SBS게임아카데미\1.GameProgram\SBSPrograming2\Programming2\06_구조체와 배열과 포인터\06_main.c(123,21): warning C4024: 'strcpy': 형식 및 실제 매개 변수 1의 형식이 서로 다릅니다.
D:\SBS게임아카데미\1.GameProgram\SBSPrograming2\Programming2\06_구조체와 배열과 포인터\06_main.c(124,21): warning C4047: '함수': 'char *'의 간접 참조 수준이 'char *[100]'과(와) 다릅니다.
D:\SBS게임아카데미\1.GameProgram\SBSPrograming2\Programming2\06_구조체와 배열과 포인터\06_main.c(124,21): warning C4024: 'strcpy': 형식 및 실제 매개 변수 1의 형식이 서로 다릅니다.
D:\SBS게임아카데미\1.GameProgram\SBSPrograming2\Programming2\06_구조체와 배열과 포인터\06_main.c(125,21): warning C4047: '함수': 'char *'의 간접 참조 수준이 'char *[100]'과(와) 다릅니다.
D:\SBS게임아카데미\1.GameProgram\SBSPrograming2\Programming2\06_구조체와 배열과 포인터\06_main.c(125,21): warning C4024: 'strcpy': 형식 및 실제 매개 변수 1의 형식이 서로 다릅니다.
D:\SBS게임아카데미\1.GameProgram\SBSPrograming2\Programming2\06_구조체와 배열과 포인터\06_main.c(135,13): warning C4047: '함수': 'char *'의 간접 참조 수준이 'char *[100]'과(와) 다릅니다.
D:\SBS게임아카데미\1.GameProgram\SBSPrograming2\Programming2\06_구조체와 배열과 포인터\06_main.c(135,13): warning C4024: 'strcpy': 형식 및 실제 매개 변수 1의 형식이 서로 다릅니다.
D:\SBS게임아카데미\1.GameProgram\SBSPrograming2\Programming2\06_구조체와 배열과 포인터\06_main.c(136,22): warning C4047: '함수': 'char *'의 간접 참조 수준이 'char *[100]'과(와) 다릅니다.
D:\SBS게임아카데미\1.GameProgram\SBSPrograming2\Programming2\06_구조체와 배열과 포인터\06_main.c(136,22): warning C4024: 'strcpy': 형식 및 실제 매개 변수 1의 형식이 서로 다릅니다.
D:\SBS게임아카데미\1.GameProgram\SBSPrograming2\Programming2\06_구조체와 배열과 포인터\06_main.c(137,22): warning C4047: '함수': 'char *'의 간접 참조 수준이 'char *[100]'과(와) 다릅니다.
D:\SBS게임아카데미\1.GameProgram\SBSPrograming2\Programming2\06_구조체와 배열과 포인터\06_main.c(137,22): warning C4024: 'strcpy': 형식 및 실제 매개 변수 1의 형식이 서로 다릅니다.
D:\SBS게임아카데미\1.GameProgram\SBSPrograming2\Programming2\06_구조체와 배열과 포인터\06_main.c(138,22): warning C4047: '함수': 'char *'의 간접 참조 수준이 'char *[100]'과(와) 다릅니다.
D:\SBS게임아카데미\1.GameProgram\SBSPrograming2\Programming2\06_구조체와 배열과 포인터\06_main.c(138,22): warning C4024: 'strcpy': 형식 및 실제 매개 변수 1의 형식이 서로 다릅니다.
  06_구조체와 배열과 포인터.vcxproj -> D:\SBS게임아카데미\1.GameProgram\SBSPrograming2\Programming2\x64\Debug\06_구조체와 배열과 포인터.exe
